\BOOKMARK [0][-]{chapter.1}{How do students learn to write proofs?}{}% 1
\BOOKMARK [1][-]{section.1.1}{Introduction}{chapter.1}% 2
\BOOKMARK [1][-]{section.1.2}{How to use this document}{chapter.1}% 3
\BOOKMARK [1][-]{section.1.3}{Overview of error classification}{chapter.1}% 4
\BOOKMARK [-1][-]{part.1}{I Flawed Proofs}{}% 5
\BOOKMARK [0][-]{chapter.2}{Elementary Topics}{part.1}% 6
\BOOKMARK [1][-]{section.2.1}{Logic}{chapter.2}% 7
\BOOKMARK [1][-]{section.2.2}{Divisibility of a Product}{chapter.2}% 8
\BOOKMARK [1][-]{section.2.3}{Contrapositive and Converse}{chapter.2}% 9
\BOOKMARK [1][-]{section.2.4}{Properties of Integers}{chapter.2}% 10
\BOOKMARK [1][-]{section.2.5}{The Rationals}{chapter.2}% 11
\BOOKMARK [1][-]{section.2.6}{Divisibility}{chapter.2}% 12
\BOOKMARK [1][-]{section.2.7}{Divisibility and Modular Arithmetic}{chapter.2}% 13
\BOOKMARK [1][-]{section.2.8}{Proof by Contrapositive}{chapter.2}% 14
\BOOKMARK [1][-]{section.2.9}{Modular Arithmetic and Divisibility}{chapter.2}% 15
\BOOKMARK [1][-]{section.2.10}{GCD}{chapter.2}% 16
\BOOKMARK [1][-]{section.2.11}{The Parity Property}{chapter.2}% 17
\BOOKMARK [1][-]{section.2.12}{Infinitude of Primes}{chapter.2}% 18
\BOOKMARK [0][-]{chapter.3}{Mathematical Induction}{part.1}% 19
\BOOKMARK [1][-]{section.3.1}{Mathematical Induction with Divisibility}{chapter.3}% 20
\BOOKMARK [1][-]{section.3.2}{Summation Formula Induction}{chapter.3}% 21
\BOOKMARK [1][-]{section.3.3}{Binary Notation}{chapter.3}% 22
\BOOKMARK [1][-]{section.3.4}{Inequality Induction}{chapter.3}% 23
\BOOKMARK [1][-]{section.3.5}{Strong Induction}{chapter.3}% 24
\BOOKMARK [1][-]{section.3.6}{Induction Using Pascal's Identity}{chapter.3}% 25
\BOOKMARK [1][-]{section.3.7}{Induction and Well-Ordering}{chapter.3}% 26
\BOOKMARK [1][-]{section.3.8}{A recursive sequence}{chapter.3}% 27
\BOOKMARK [1][-]{section.3.9}{Strong Induction with Sequences}{chapter.3}% 28
\BOOKMARK [0][-]{chapter.4}{Discrete Mathematics}{part.1}% 29
\BOOKMARK [1][-]{section.4.1}{Set Unions and Intersections}{chapter.4}% 30
\BOOKMARK [1][-]{section.4.2}{Equality of Sets}{chapter.4}% 31
\BOOKMARK [1][-]{section.4.3}{Subsets and power sets}{chapter.4}% 32
\BOOKMARK [1][-]{section.4.4}{Subsets and power sets again}{chapter.4}% 33
\BOOKMARK [1][-]{section.4.5}{Set Containment}{chapter.4}% 34
\BOOKMARK [1][-]{section.4.6}{Set Containment Involving the Empty Set}{chapter.4}% 35
\BOOKMARK [1][-]{section.4.7}{Composition of Injective Functions}{chapter.4}% 36
\BOOKMARK [1][-]{section.4.8}{Surjections and Injections}{chapter.4}% 37
\BOOKMARK [1][-]{section.4.9}{Injection and Surjections}{chapter.4}% 38
\BOOKMARK [1][-]{section.4.10}{Cartesian Product Set Equality}{chapter.4}% 39
\BOOKMARK [1][-]{section.4.11}{Cartesian Product Set Equality Again}{chapter.4}% 40
\BOOKMARK [1][-]{section.4.12}{Relations}{chapter.4}% 41
\BOOKMARK [1][-]{section.4.13}{Constructing Rationals from Integers}{chapter.4}% 42
\BOOKMARK [1][-]{section.4.14}{Counting Subsets}{chapter.4}% 43
\BOOKMARK [1][-]{section.4.15}{Card Combinations}{chapter.4}% 44
\BOOKMARK [1][-]{section.4.16}{Conditional Probability}{chapter.4}% 45
\BOOKMARK [1][-]{section.4.17}{Properties of Functions: One-to-one and Onto}{chapter.4}% 46
\BOOKMARK [1][-]{section.4.18}{The Graph of a Matrix}{chapter.4}% 47
\BOOKMARK [1][-]{section.4.19}{Addition and Multiplication of Congruence Relations}{chapter.4}% 48
\BOOKMARK [1][-]{section.4.20}{Bayes Theorem}{chapter.4}% 49
\BOOKMARK [1][-]{section.4.21}{One-to-one Functions}{chapter.4}% 50
\BOOKMARK [1][-]{section.4.22}{Relations}{chapter.4}% 51
\BOOKMARK [1][-]{section.4.23}{Equivalence Relations}{chapter.4}% 52
\BOOKMARK [1][-]{section.4.24}{Set Containment Version Two}{chapter.4}% 53
\BOOKMARK [1][-]{section.4.25}{Surjection}{chapter.4}% 54
\BOOKMARK [1][-]{section.4.26}{Injection}{chapter.4}% 55
\BOOKMARK [0][-]{chapter.5}{Linear Algebra}{part.1}% 56
\BOOKMARK [1][-]{section.5.1}{Skew-Symmetric Matrices}{chapter.5}% 57
\BOOKMARK [1][-]{section.5.2}{Intersection of Subspaces}{chapter.5}% 58
\BOOKMARK [1][-]{section.5.3}{Sum of Subspaces}{chapter.5}% 59
\BOOKMARK [1][-]{section.5.4}{Subspaces and Nullspace}{chapter.5}% 60
\BOOKMARK [1][-]{section.5.5}{Linear Independence}{chapter.5}% 61
\BOOKMARK [1][-]{section.5.6}{Linear Independence of Subsets}{chapter.5}% 62
\BOOKMARK [1][-]{section.5.7}{Uniqueness of Basis Representation}{chapter.5}% 63
\BOOKMARK [1][-]{section.5.8}{Orthogonality and Linear Independence}{chapter.5}% 64
\BOOKMARK [1][-]{section.5.9}{Similar Matrices}{chapter.5}% 65
\BOOKMARK [1][-]{section.5.10}{Column Space}{chapter.5}% 66
\BOOKMARK [1][-]{section.5.11}{Properties of Column Space}{chapter.5}% 67
\BOOKMARK [1][-]{section.5.12}{Definition of a Vector space}{chapter.5}% 68
\BOOKMARK [1][-]{section.5.13}{Definition of a Subspace}{chapter.5}% 69
\BOOKMARK [1][-]{section.5.14}{Span}{chapter.5}% 70
\BOOKMARK [1][-]{section.5.15}{Zero is in the Span}{chapter.5}% 71
\BOOKMARK [1][-]{section.5.16}{Basis of a Polynomial Space }{chapter.5}% 72
\BOOKMARK [1][-]{section.5.17}{Basis}{chapter.5}% 73
\BOOKMARK [1][-]{section.5.18}{Linear Transformations and Matrices}{chapter.5}% 74
\BOOKMARK [1][-]{section.5.19}{Linear Transformations}{chapter.5}% 75
\BOOKMARK [1][-]{section.5.20}{Linear Maps on Complex Vector Spaces}{chapter.5}% 76
\BOOKMARK [1][-]{section.5.21}{One-to-One and Onto}{chapter.5}% 77
\BOOKMARK [1][-]{section.5.22}{Composition of Linear Transformations}{chapter.5}% 78
\BOOKMARK [1][-]{section.5.23}{Isomorphism of a Linear Transformation}{chapter.5}% 79
\BOOKMARK [1][-]{section.5.24}{Inverse Linear Transformation}{chapter.5}% 80
\BOOKMARK [1][-]{section.5.25}{Orthogonal Sets}{chapter.5}% 81
\BOOKMARK [1][-]{section.5.26}{Gram-Schmidt Procedure in a Polynomial Space}{chapter.5}% 82
\BOOKMARK [1][-]{section.5.27}{Orthogonal Matrices}{chapter.5}% 83
\BOOKMARK [1][-]{section.5.28}{Orthogonal Diagonalization}{chapter.5}% 84
\BOOKMARK [1][-]{section.5.29}{Change of Basis Computation}{chapter.5}% 85
\BOOKMARK [0][-]{chapter.6}{Advanced Topics}{part.1}% 86
\BOOKMARK [1][-]{section.6.1}{Well-Ordering Principle}{chapter.6}% 87
\BOOKMARK [1][-]{section.6.2}{Conjugation Identities}{chapter.6}% 88
\BOOKMARK [1][-]{section.6.3}{Conjugation of a Complex Polynomial}{chapter.6}% 89
\BOOKMARK [1][-]{section.6.4}{Factoring Complex Polynomials}{chapter.6}% 90
\BOOKMARK [1][-]{section.6.5}{Complex Trigonometric Functions}{chapter.6}% 91
\BOOKMARK [1][-]{section.6.6}{Definition of an Infinite Limit}{chapter.6}% 92
\BOOKMARK [1][-]{section.6.7}{Convergent Sequences: Unique Limit}{chapter.6}% 93
\BOOKMARK [1][-]{section.6.8}{Convergent Sequences: Bounded}{chapter.6}% 94
\BOOKMARK [1][-]{section.6.9}{Equivalence Classes of Real Numbers}{chapter.6}% 95
\BOOKMARK [1][-]{section.6.10}{Convergent Sequences are Cauchy}{chapter.6}% 96
\BOOKMARK [1][-]{section.6.11}{Cauchy Sequences}{chapter.6}% 97
\BOOKMARK [1][-]{section.6.12}{Interior and Boundary of a Subset of R}{chapter.6}% 98
\BOOKMARK [1][-]{section.6.13}{Compactness}{chapter.6}% 99
\BOOKMARK [1][-]{section.6.14}{Least Upper Bounds}{chapter.6}% 100
\BOOKMARK [1][-]{section.6.15}{Gaussian Integers}{chapter.6}% 101
\BOOKMARK [1][-]{section.6.16}{Primitive Roots of Unity}{chapter.6}% 102
\BOOKMARK [1][-]{section.6.17}{Fundamental Theorem of Algebra}{chapter.6}% 103
\BOOKMARK [1][-]{section.6.18}{Ring Theory}{chapter.6}% 104
\BOOKMARK [-1][-]{part.2}{II Additional Resources}{}% 105
\BOOKMARK [0][-]{chapter.7}{Activities and Assessments}{part.2}% 106
\BOOKMARK [1][-]{section.7.1}{Online Discussion Board Activity}{chapter.7}% 107
\BOOKMARK [1][-]{section.7.2}{Peer Evaluation Activity}{chapter.7}% 108
\BOOKMARK [1][-]{section.7.3}{Proof-Writing Reflection}{chapter.7}% 109
\BOOKMARK [0][-]{chapter.8}{Rubrics}{part.2}% 110
\BOOKMARK [1][-]{section.8.1}{Peer-Evaluation Rubrics}{chapter.8}% 111
\BOOKMARK [1][-]{section.8.2}{Summative Rubrics}{chapter.8}% 112
\BOOKMARK [0][-]{section.8.2}{Bibliography}{part.2}% 113
